5.8363 	WARNING 	We strongly recommend you activate the PTB sound engine in PsychoPy prefs as the preferred audio engine. Its timing is vastly superior. Your prefs are currently set to use ['sounddevice', 'PTB', 'pyo', 'pygame'] (in that order).
23.1010 	WARNING 	User requested fullscreen with size [1024  768], but screen is actually [1360, 768]. Using actual size
25.6878 	EXP 	Created window1 = Window(allowGUI=False, allowStencil=False, args=UNKNOWN, autoLog=True, bitsMode=UNKNOWN, blendMode='avg', bpc=(8, 8, 8), color=array([0., 0., 0.]), colorSpace='rgb', depthBits=8, fullscr=<method-wrapper '__getattribute__' of attributeSetter object at 0x00000208ABDEADA0>, gamma=None, gammaErrorPolicy='raise', kwargs=UNKNOWN, lms=UNKNOWN, monitor=<psychopy.monitors.calibTools.Monitor object at 0x00000208ABBEDA90>, multiSample=False, name='window1', numSamples=2, pos=[0.0, 0.0], screen=0, size=array([1360,  768]), stencilBits=0, stereo=False, units='height', useFBO=True, useRetina=False, viewOri=0.0, viewPos=None, viewScale=None, waitBlanking=True, winType='pyglet')
25.6879 	EXP 	window1: recordFrameIntervals = False
25.8470 	EXP 	window1: recordFrameIntervals = True
26.0306 	EXP 	window1: recordFrameIntervals = False
26.8873 	EXP 	Created instr1 = TextStim(__class__=<class 'psychopy.visual.text.TextStim'>, alignHoriz=method-wrapper(...), alignText='center', alignVert=method-wrapper(...), anchorHoriz='center', anchorVert='center', antialias=True, autoLog=True, bold=False, color='white', colorSpace='named', contrast=1.0, depth=0.0, flipHoriz=False, flipVert=False, font='Arial', fontFiles=[], height=0.05, italic=False, languageStyle='LTR', name='instr1', opacity=1.0, ori=0, pos=array([0.  , 0.15]), rgb=array([255., 255., 255.]), text=str(...), units='height', win=Window(...), wrapWidth=1)
26.9113 	EXP 	Created l1ex = ImageStim(__class__=<class 'psychopy.visual.image.ImageStim'>, autoLog=True, color=array([1., 1., 1.]), colorSpace='rgb', contrast=1.0, depth=-2.0, flipHoriz=False, flipVert=False, image='L1.png', interpolate=True, mask=None, maskParams=None, name='l1ex', opacity=1.0, ori=0.0, pos=array([-0.3 , -0.15]), size=array([0.1, 0.1]), texRes=128, units='height', win=Window(...))
26.9241 	EXP 	Created l2ex = ImageStim(__class__=<class 'psychopy.visual.image.ImageStim'>, autoLog=True, color=array([1., 1., 1.]), colorSpace='rgb', contrast=1.0, depth=-3.0, flipHoriz=False, flipVert=False, image='L2.png', interpolate=True, mask=None, maskParams=None, name='l2ex', opacity=1.0, ori=0.0, pos=array([-0.1 , -0.15]), size=array([0.1, 0.1]), texRes=128, units='height', win=Window(...))
26.9365 	EXP 	Created t1ex = ImageStim(__class__=<class 'psychopy.visual.image.ImageStim'>, autoLog=True, color=array([1., 1., 1.]), colorSpace='rgb', contrast=1.0, depth=-4.0, flipHoriz=False, flipVert=False, image='T1.png', interpolate=True, mask=None, maskParams=None, name='t1ex', opacity=1.0, ori=0.0, pos=array([ 0.1 , -0.15]), size=array([0.1, 0.1]), texRes=128, units='height', win=Window(...))
26.9492 	EXP 	Created tTex = ImageStim(__class__=<class 'psychopy.visual.image.ImageStim'>, autoLog=True, color=array([1., 1., 1.]), colorSpace='rgb', contrast=1.0, depth=-5.0, flipHoriz=False, flipVert=False, image='TT.png', interpolate=True, mask=None, maskParams=None, name='tTex', opacity=1.0, ori=0.0, pos=array([ 0.3 , -0.15]), size=array([0.1, 0.1]), texRes=128, units='height', win=Window(...))
26.9563 	EXP 	Created trialFix = TextStim(__class__=<class 'psychopy.visual.text.TextStim'>, alignHoriz=method-wrapper(...), alignText='center', alignVert=method-wrapper(...), anchorHoriz='center', anchorVert='center', antialias=True, autoLog=True, bold=False, color='white', colorSpace='named', contrast=1.0, depth=0.0, flipHoriz=False, flipVert=False, font='Arial', fontFiles=[], height=0.05, italic=False, languageStyle='LTR', name='trialFix', opacity=1.0, ori=0, pos=array([0., 0.]), rgb=array([255., 255., 255.]), text='+', units='height', win=Window(...), wrapWidth=1)
26.9654 	EXP 	Created trialL11 = ImageStim(__class__=<class 'psychopy.visual.image.ImageStim'>, autoLog=True, color=array([1., 1., 1.]), colorSpace='rgb', contrast=1.0, depth=-1.0, flipHoriz=False, flipVert=False, image='L1.png', interpolate=True, mask=None, maskParams=None, name='trialL11', opacity=1.0, ori=0.0, pos=array([0., 0.]), size=array([0.1, 0.1]), texRes=128, units='height', win=Window(...))
26.9744 	EXP 	Created trialL12 = ImageStim(__class__=<class 'psychopy.visual.image.ImageStim'>, autoLog=True, color=array([1., 1., 1.]), colorSpace='rgb', contrast=1.0, depth=-2.0, flipHoriz=False, flipVert=False, image='L1.png', interpolate=True, mask=None, maskParams=None, name='trialL12', opacity=1.0, ori=0.0, pos=array([0., 0.]), size=array([0.1, 0.1]), texRes=128, units='height', win=Window(...))
26.9834 	EXP 	Created trialL21 = ImageStim(__class__=<class 'psychopy.visual.image.ImageStim'>, autoLog=True, color=array([1., 1., 1.]), colorSpace='rgb', contrast=1.0, depth=-3.0, flipHoriz=False, flipVert=False, image='L2.png', interpolate=True, mask=None, maskParams=None, name='trialL21', opacity=1.0, ori=0.0, pos=array([0., 0.]), size=array([0.1, 0.1]), texRes=128, units='height', win=Window(...))
26.9919 	EXP 	Created trialL22 = ImageStim(__class__=<class 'psychopy.visual.image.ImageStim'>, autoLog=True, color=array([1., 1., 1.]), colorSpace='rgb', contrast=1.0, depth=-4.0, flipHoriz=False, flipVert=False, image='L2.png', interpolate=True, mask=None, maskParams=None, name='trialL22', opacity=1.0, ori=0.0, pos=array([0., 0.]), size=array([0.1, 0.1]), texRes=128, units='height', win=Window(...))
27.0023 	EXP 	Created trialT11 = ImageStim(__class__=<class 'psychopy.visual.image.ImageStim'>, autoLog=True, color=array([1., 1., 1.]), colorSpace='rgb', contrast=1.0, depth=-5.0, flipHoriz=False, flipVert=False, image='T1.png', interpolate=True, mask=None, maskParams=None, name='trialT11', opacity=1.0, ori=0.0, pos=array([0., 0.]), size=array([0.1, 0.1]), texRes=128, units='height', win=Window(...))
27.0123 	EXP 	Created trialT12 = ImageStim(__class__=<class 'psychopy.visual.image.ImageStim'>, autoLog=True, color=array([1., 1., 1.]), colorSpace='rgb', contrast=1.0, depth=-6.0, flipHoriz=False, flipVert=False, image='T1.png', interpolate=True, mask=None, maskParams=None, name='trialT12', opacity=1.0, ori=0.0, pos=array([0., 0.]), size=array([0.1, 0.1]), texRes=128, units='height', win=Window(...))
27.0211 	EXP 	Created trialL13 = ImageStim(__class__=<class 'psychopy.visual.image.ImageStim'>, autoLog=True, color=array([1., 1., 1.]), colorSpace='rgb', contrast=1.0, depth=-7.0, flipHoriz=False, flipVert=False, image='L1.png', interpolate=True, mask=None, maskParams=None, name='trialL13', opacity=1.0, ori=0.0, pos=array([0., 0.]), size=array([0.1, 0.1]), texRes=128, units='height', win=Window(...))
27.0303 	EXP 	Created trialL14 = ImageStim(__class__=<class 'psychopy.visual.image.ImageStim'>, autoLog=True, color=array([1., 1., 1.]), colorSpace='rgb', contrast=1.0, depth=-8.0, flipHoriz=False, flipVert=False, image='L1.png', interpolate=True, mask=None, maskParams=None, name='trialL14', opacity=1.0, ori=0.0, pos=array([0., 0.]), size=array([0.1, 0.1]), texRes=128, units='height', win=Window(...))
27.0391 	EXP 	Created trialL23 = ImageStim(__class__=<class 'psychopy.visual.image.ImageStim'>, autoLog=True, color=array([1., 1., 1.]), colorSpace='rgb', contrast=1.0, depth=-9.0, flipHoriz=False, flipVert=False, image='L1.png', interpolate=True, mask=None, maskParams=None, name='trialL23', opacity=1.0, ori=0.0, pos=array([0., 0.]), size=array([0.1, 0.1]), texRes=128, units='height', win=Window(...))
27.0473 	EXP 	Created trialL24 = ImageStim(__class__=<class 'psychopy.visual.image.ImageStim'>, autoLog=True, color=array([1., 1., 1.]), colorSpace='rgb', contrast=1.0, depth=-10.0, flipHoriz=False, flipVert=False, image='L2.png', interpolate=True, mask=None, maskParams=None, name='trialL24', opacity=1.0, ori=0.0, pos=array([0., 0.]), size=array([0.1, 0.1]), texRes=128, units='height', win=Window(...))
27.0582 	EXP 	Created trialT13 = ImageStim(__class__=<class 'psychopy.visual.image.ImageStim'>, autoLog=True, color=array([1., 1., 1.]), colorSpace='rgb', contrast=1.0, depth=-11.0, flipHoriz=False, flipVert=False, image='T1.png', interpolate=True, mask=None, maskParams=None, name='trialT13', opacity=1.0, ori=0.0, pos=array([0., 0.]), size=array([0.1, 0.1]), texRes=128, units='height', win=Window(...))
27.0685 	EXP 	Created trialT14 = ImageStim(__class__=<class 'psychopy.visual.image.ImageStim'>, autoLog=True, color=array([1., 1., 1.]), colorSpace='rgb', contrast=1.0, depth=-12.0, flipHoriz=False, flipVert=False, image='T1.png', interpolate=True, mask=None, maskParams=None, name='trialT14', opacity=1.0, ori=0.0, pos=array([0., 0.]), size=array([0.1, 0.1]), texRes=128, units='height', win=Window(...))
27.0774 	EXP 	Created trialL15 = ImageStim(__class__=<class 'psychopy.visual.image.ImageStim'>, autoLog=True, color=array([1., 1., 1.]), colorSpace='rgb', contrast=1.0, depth=-13.0, flipHoriz=False, flipVert=False, image='L1.png', interpolate=True, mask=None, maskParams=None, name='trialL15', opacity=1.0, ori=0.0, pos=array([0., 0.]), size=array([0.1, 0.1]), texRes=128, units='height', win=Window(...))
27.0864 	EXP 	Created trialL16 = ImageStim(__class__=<class 'psychopy.visual.image.ImageStim'>, autoLog=True, color=array([1., 1., 1.]), colorSpace='rgb', contrast=1.0, depth=-14.0, flipHoriz=False, flipVert=False, image='L1.png', interpolate=True, mask=None, maskParams=None, name='trialL16', opacity=1.0, ori=0.0, pos=array([0., 0.]), size=array([0.1, 0.1]), texRes=128, units='height', win=Window(...))
27.0947 	EXP 	Created trialL25 = ImageStim(__class__=<class 'psychopy.visual.image.ImageStim'>, autoLog=True, color=array([1., 1., 1.]), colorSpace='rgb', contrast=1.0, depth=-15.0, flipHoriz=False, flipVert=False, image='L2.png', interpolate=True, mask=None, maskParams=None, name='trialL25', opacity=1.0, ori=0.0, pos=array([0., 0.]), size=array([0.1, 0.1]), texRes=128, units='height', win=Window(...))
27.1035 	EXP 	Created trialL26 = ImageStim(__class__=<class 'psychopy.visual.image.ImageStim'>, autoLog=True, color=array([1., 1., 1.]), colorSpace='rgb', contrast=1.0, depth=-16.0, flipHoriz=False, flipVert=False, image='L2.png', interpolate=True, mask=None, maskParams=None, name='trialL26', opacity=1.0, ori=0.0, pos=array([0., 0.]), size=array([0.1, 0.1]), texRes=128, units='height', win=Window(...))
27.1138 	EXP 	Created trialT15 = ImageStim(__class__=<class 'psychopy.visual.image.ImageStim'>, autoLog=True, color=array([1., 1., 1.]), colorSpace='rgb', contrast=1.0, depth=-17.0, flipHoriz=False, flipVert=False, image='T1.png', interpolate=True, mask=None, maskParams=None, name='trialT15', opacity=1.0, ori=0.0, pos=array([0., 0.]), size=array([0.1, 0.1]), texRes=128, units='height', win=Window(...))
27.1240 	EXP 	Created trialT16 = ImageStim(__class__=<class 'psychopy.visual.image.ImageStim'>, autoLog=True, color=array([1., 1., 1.]), colorSpace='rgb', contrast=1.0, depth=-18.0, flipHoriz=False, flipVert=False, image='T1.png', interpolate=True, mask=None, maskParams=None, name='trialT16', opacity=1.0, ori=0.0, pos=array([0., 0.]), size=array([0.1, 0.1]), texRes=128, units='height', win=Window(...))
27.1347 	EXP 	Created trialTT = ImageStim(__class__=<class 'psychopy.visual.image.ImageStim'>, autoLog=True, color=array([1., 1., 1.]), colorSpace='rgb', contrast=1.0, depth=-19.0, flipHoriz=False, flipVert=False, image='TT.png', interpolate=True, mask=None, maskParams=None, name='trialTT', opacity=1.0, ori=0.0, pos=array([0., 0.]), size=array([0.1, 0.1]), texRes=128, units='height', win=Window(...))
27.1676 	EXP 	Created breakText1 = TextStim(__class__=<class 'psychopy.visual.text.TextStim'>, alignHoriz=method-wrapper(...), alignText='center', alignVert=method-wrapper(...), anchorHoriz='center', anchorVert='center', antialias=True, autoLog=True, bold=False, color='white', colorSpace='named', contrast=1.0, depth=0.0, flipHoriz=False, flipVert=False, font='Arial', fontFiles=[], height=0.05, italic=False, languageStyle='LTR', name='breakText1', opacity=1.0, ori=0, pos=array([0., 0.]), rgb=array([255., 255., 255.]), text=str(...), units='height', win=Window(...), wrapWidth=1)
27.1711 	EXP 	Created trialFix = TextStim(__class__=<class 'psychopy.visual.text.TextStim'>, alignHoriz=method-wrapper(...), alignText='center', alignVert=method-wrapper(...), anchorHoriz='center', anchorVert='center', antialias=True, autoLog=True, bold=False, color='white', colorSpace='named', contrast=1.0, depth=0.0, flipHoriz=False, flipVert=False, font='Arial', fontFiles=[], height=0.05, italic=False, languageStyle='LTR', name='trialFix', opacity=1.0, ori=0, pos=array([0., 0.]), rgb=array([255., 255., 255.]), text='+', units='height', win=Window(...), wrapWidth=1)
27.1793 	EXP 	Created trialL11 = ImageStim(__class__=<class 'psychopy.visual.image.ImageStim'>, autoLog=True, color=array([1., 1., 1.]), colorSpace='rgb', contrast=1.0, depth=-1.0, flipHoriz=False, flipVert=False, image='L1.png', interpolate=True, mask=None, maskParams=None, name='trialL11', opacity=1.0, ori=0.0, pos=array([0., 0.]), size=array([0.1, 0.1]), texRes=128, units='height', win=Window(...))
27.1877 	EXP 	Created trialL12 = ImageStim(__class__=<class 'psychopy.visual.image.ImageStim'>, autoLog=True, color=array([1., 1., 1.]), colorSpace='rgb', contrast=1.0, depth=-2.0, flipHoriz=False, flipVert=False, image='L1.png', interpolate=True, mask=None, maskParams=None, name='trialL12', opacity=1.0, ori=0.0, pos=array([0., 0.]), size=array([0.1, 0.1]), texRes=128, units='height', win=Window(...))
27.1966 	EXP 	Created trialL21 = ImageStim(__class__=<class 'psychopy.visual.image.ImageStim'>, autoLog=True, color=array([1., 1., 1.]), colorSpace='rgb', contrast=1.0, depth=-3.0, flipHoriz=False, flipVert=False, image='L2.png', interpolate=True, mask=None, maskParams=None, name='trialL21', opacity=1.0, ori=0.0, pos=array([0., 0.]), size=array([0.1, 0.1]), texRes=128, units='height', win=Window(...))
27.2055 	EXP 	Created trialL22 = ImageStim(__class__=<class 'psychopy.visual.image.ImageStim'>, autoLog=True, color=array([1., 1., 1.]), colorSpace='rgb', contrast=1.0, depth=-4.0, flipHoriz=False, flipVert=False, image='L2.png', interpolate=True, mask=None, maskParams=None, name='trialL22', opacity=1.0, ori=0.0, pos=array([0., 0.]), size=array([0.1, 0.1]), texRes=128, units='height', win=Window(...))
27.2160 	EXP 	Created trialT11 = ImageStim(__class__=<class 'psychopy.visual.image.ImageStim'>, autoLog=True, color=array([1., 1., 1.]), colorSpace='rgb', contrast=1.0, depth=-5.0, flipHoriz=False, flipVert=False, image='T1.png', interpolate=True, mask=None, maskParams=None, name='trialT11', opacity=1.0, ori=0.0, pos=array([0., 0.]), size=array([0.1, 0.1]), texRes=128, units='height', win=Window(...))
27.2265 	EXP 	Created trialT12 = ImageStim(__class__=<class 'psychopy.visual.image.ImageStim'>, autoLog=True, color=array([1., 1., 1.]), colorSpace='rgb', contrast=1.0, depth=-6.0, flipHoriz=False, flipVert=False, image='T1.png', interpolate=True, mask=None, maskParams=None, name='trialT12', opacity=1.0, ori=0.0, pos=array([0., 0.]), size=array([0.1, 0.1]), texRes=128, units='height', win=Window(...))
27.2356 	EXP 	Created trialL13 = ImageStim(__class__=<class 'psychopy.visual.image.ImageStim'>, autoLog=True, color=array([1., 1., 1.]), colorSpace='rgb', contrast=1.0, depth=-7.0, flipHoriz=False, flipVert=False, image='L1.png', interpolate=True, mask=None, maskParams=None, name='trialL13', opacity=1.0, ori=0.0, pos=array([0., 0.]), size=array([0.1, 0.1]), texRes=128, units='height', win=Window(...))
27.2442 	EXP 	Created trialL14 = ImageStim(__class__=<class 'psychopy.visual.image.ImageStim'>, autoLog=True, color=array([1., 1., 1.]), colorSpace='rgb', contrast=1.0, depth=-8.0, flipHoriz=False, flipVert=False, image='L1.png', interpolate=True, mask=None, maskParams=None, name='trialL14', opacity=1.0, ori=0.0, pos=array([0., 0.]), size=array([0.1, 0.1]), texRes=128, units='height', win=Window(...))
27.2527 	EXP 	Created trialL23 = ImageStim(__class__=<class 'psychopy.visual.image.ImageStim'>, autoLog=True, color=array([1., 1., 1.]), colorSpace='rgb', contrast=1.0, depth=-9.0, flipHoriz=False, flipVert=False, image='L1.png', interpolate=True, mask=None, maskParams=None, name='trialL23', opacity=1.0, ori=0.0, pos=array([0., 0.]), size=array([0.1, 0.1]), texRes=128, units='height', win=Window(...))
27.2610 	EXP 	Created trialL24 = ImageStim(__class__=<class 'psychopy.visual.image.ImageStim'>, autoLog=True, color=array([1., 1., 1.]), colorSpace='rgb', contrast=1.0, depth=-10.0, flipHoriz=False, flipVert=False, image='L2.png', interpolate=True, mask=None, maskParams=None, name='trialL24', opacity=1.0, ori=0.0, pos=array([0., 0.]), size=array([0.1, 0.1]), texRes=128, units='height', win=Window(...))
27.2710 	EXP 	Created trialT13 = ImageStim(__class__=<class 'psychopy.visual.image.ImageStim'>, autoLog=True, color=array([1., 1., 1.]), colorSpace='rgb', contrast=1.0, depth=-11.0, flipHoriz=False, flipVert=False, image='T1.png', interpolate=True, mask=None, maskParams=None, name='trialT13', opacity=1.0, ori=0.0, pos=array([0., 0.]), size=array([0.1, 0.1]), texRes=128, units='height', win=Window(...))
27.2835 	EXP 	Created trialT14 = ImageStim(__class__=<class 'psychopy.visual.image.ImageStim'>, autoLog=True, color=array([1., 1., 1.]), colorSpace='rgb', contrast=1.0, depth=-12.0, flipHoriz=False, flipVert=False, image='T1.png', interpolate=True, mask=None, maskParams=None, name='trialT14', opacity=1.0, ori=0.0, pos=array([0., 0.]), size=array([0.1, 0.1]), texRes=128, units='height', win=Window(...))
27.2936 	EXP 	Created trialL15 = ImageStim(__class__=<class 'psychopy.visual.image.ImageStim'>, autoLog=True, color=array([1., 1., 1.]), colorSpace='rgb', contrast=1.0, depth=-13.0, flipHoriz=False, flipVert=False, image='L1.png', interpolate=True, mask=None, maskParams=None, name='trialL15', opacity=1.0, ori=0.0, pos=array([0., 0.]), size=array([0.1, 0.1]), texRes=128, units='height', win=Window(...))
27.3022 	EXP 	Created trialL16 = ImageStim(__class__=<class 'psychopy.visual.image.ImageStim'>, autoLog=True, color=array([1., 1., 1.]), colorSpace='rgb', contrast=1.0, depth=-14.0, flipHoriz=False, flipVert=False, image='L1.png', interpolate=True, mask=None, maskParams=None, name='trialL16', opacity=1.0, ori=0.0, pos=array([0., 0.]), size=array([0.1, 0.1]), texRes=128, units='height', win=Window(...))
27.3108 	EXP 	Created trialL25 = ImageStim(__class__=<class 'psychopy.visual.image.ImageStim'>, autoLog=True, color=array([1., 1., 1.]), colorSpace='rgb', contrast=1.0, depth=-15.0, flipHoriz=False, flipVert=False, image='L2.png', interpolate=True, mask=None, maskParams=None, name='trialL25', opacity=1.0, ori=0.0, pos=array([0., 0.]), size=array([0.1, 0.1]), texRes=128, units='height', win=Window(...))
27.3194 	EXP 	Created trialL26 = ImageStim(__class__=<class 'psychopy.visual.image.ImageStim'>, autoLog=True, color=array([1., 1., 1.]), colorSpace='rgb', contrast=1.0, depth=-16.0, flipHoriz=False, flipVert=False, image='L2.png', interpolate=True, mask=None, maskParams=None, name='trialL26', opacity=1.0, ori=0.0, pos=array([0., 0.]), size=array([0.1, 0.1]), texRes=128, units='height', win=Window(...))
27.3292 	EXP 	Created trialT15 = ImageStim(__class__=<class 'psychopy.visual.image.ImageStim'>, autoLog=True, color=array([1., 1., 1.]), colorSpace='rgb', contrast=1.0, depth=-17.0, flipHoriz=False, flipVert=False, image='T1.png', interpolate=True, mask=None, maskParams=None, name='trialT15', opacity=1.0, ori=0.0, pos=array([0., 0.]), size=array([0.1, 0.1]), texRes=128, units='height', win=Window(...))
27.3400 	EXP 	Created trialT16 = ImageStim(__class__=<class 'psychopy.visual.image.ImageStim'>, autoLog=True, color=array([1., 1., 1.]), colorSpace='rgb', contrast=1.0, depth=-18.0, flipHoriz=False, flipVert=False, image='T1.png', interpolate=True, mask=None, maskParams=None, name='trialT16', opacity=1.0, ori=0.0, pos=array([0., 0.]), size=array([0.1, 0.1]), texRes=128, units='height', win=Window(...))
27.3501 	EXP 	Created trialTT = ImageStim(__class__=<class 'psychopy.visual.image.ImageStim'>, autoLog=True, color=array([1., 1., 1.]), colorSpace='rgb', contrast=1.0, depth=-19.0, flipHoriz=False, flipVert=False, image='TT.png', interpolate=True, mask=None, maskParams=None, name='trialTT', opacity=1.0, ori=0.0, pos=array([0., 0.]), size=array([0.1, 0.1]), texRes=128, units='height', win=Window(...))
27.3729 	EXP 	Created breakText2 = TextStim(__class__=<class 'psychopy.visual.text.TextStim'>, alignHoriz=method-wrapper(...), alignText='center', alignVert=method-wrapper(...), anchorHoriz='center', anchorVert='center', antialias=True, autoLog=True, bold=False, color='white', colorSpace='named', contrast=1.0, depth=0.0, flipHoriz=False, flipVert=False, font='Arial', fontFiles=[], height=0.05, italic=False, languageStyle='LTR', name='breakText2', opacity=1.0, ori=0, pos=array([0., 0.]), rgb=array([255., 255., 255.]), text=str(...), units='height', win=Window(...), wrapWidth=1)
27.3764 	EXP 	Created trialFix = TextStim(__class__=<class 'psychopy.visual.text.TextStim'>, alignHoriz=method-wrapper(...), alignText='center', alignVert=method-wrapper(...), anchorHoriz='center', anchorVert='center', antialias=True, autoLog=True, bold=False, color='white', colorSpace='named', contrast=1.0, depth=0.0, flipHoriz=False, flipVert=False, font='Arial', fontFiles=[], height=0.05, italic=False, languageStyle='LTR', name='trialFix', opacity=1.0, ori=0, pos=array([0., 0.]), rgb=array([255., 255., 255.]), text='+', units='height', win=Window(...), wrapWidth=1)
27.3871 	EXP 	Created trialL11 = ImageStim(__class__=<class 'psychopy.visual.image.ImageStim'>, autoLog=True, color=array([1., 1., 1.]), colorSpace='rgb', contrast=1.0, depth=-1.0, flipHoriz=False, flipVert=False, image='L1.png', interpolate=True, mask=None, maskParams=None, name='trialL11', opacity=1.0, ori=0.0, pos=array([0., 0.]), size=array([0.1, 0.1]), texRes=128, units='height', win=Window(...))
27.3963 	EXP 	Created trialL12 = ImageStim(__class__=<class 'psychopy.visual.image.ImageStim'>, autoLog=True, color=array([1., 1., 1.]), colorSpace='rgb', contrast=1.0, depth=-2.0, flipHoriz=False, flipVert=False, image='L1.png', interpolate=True, mask=None, maskParams=None, name='trialL12', opacity=1.0, ori=0.0, pos=array([0., 0.]), size=array([0.1, 0.1]), texRes=128, units='height', win=Window(...))
27.4050 	EXP 	Created trialL21 = ImageStim(__class__=<class 'psychopy.visual.image.ImageStim'>, autoLog=True, color=array([1., 1., 1.]), colorSpace='rgb', contrast=1.0, depth=-3.0, flipHoriz=False, flipVert=False, image='L2.png', interpolate=True, mask=None, maskParams=None, name='trialL21', opacity=1.0, ori=0.0, pos=array([0., 0.]), size=array([0.1, 0.1]), texRes=128, units='height', win=Window(...))
27.4139 	EXP 	Created trialL22 = ImageStim(__class__=<class 'psychopy.visual.image.ImageStim'>, autoLog=True, color=array([1., 1., 1.]), colorSpace='rgb', contrast=1.0, depth=-4.0, flipHoriz=False, flipVert=False, image='L2.png', interpolate=True, mask=None, maskParams=None, name='trialL22', opacity=1.0, ori=0.0, pos=array([0., 0.]), size=array([0.1, 0.1]), texRes=128, units='height', win=Window(...))
27.4241 	EXP 	Created trialT11 = ImageStim(__class__=<class 'psychopy.visual.image.ImageStim'>, autoLog=True, color=array([1., 1., 1.]), colorSpace='rgb', contrast=1.0, depth=-5.0, flipHoriz=False, flipVert=False, image='T1.png', interpolate=True, mask=None, maskParams=None, name='trialT11', opacity=1.0, ori=0.0, pos=array([0., 0.]), size=array([0.1, 0.1]), texRes=128, units='height', win=Window(...))
27.4339 	EXP 	Created trialT12 = ImageStim(__class__=<class 'psychopy.visual.image.ImageStim'>, autoLog=True, color=array([1., 1., 1.]), colorSpace='rgb', contrast=1.0, depth=-6.0, flipHoriz=False, flipVert=False, image='T1.png', interpolate=True, mask=None, maskParams=None, name='trialT12', opacity=1.0, ori=0.0, pos=array([0., 0.]), size=array([0.1, 0.1]), texRes=128, units='height', win=Window(...))
27.4432 	EXP 	Created trialL13 = ImageStim(__class__=<class 'psychopy.visual.image.ImageStim'>, autoLog=True, color=array([1., 1., 1.]), colorSpace='rgb', contrast=1.0, depth=-7.0, flipHoriz=False, flipVert=False, image='L1.png', interpolate=True, mask=None, maskParams=None, name='trialL13', opacity=1.0, ori=0.0, pos=array([0., 0.]), size=array([0.1, 0.1]), texRes=128, units='height', win=Window(...))
27.4527 	EXP 	Created trialL14 = ImageStim(__class__=<class 'psychopy.visual.image.ImageStim'>, autoLog=True, color=array([1., 1., 1.]), colorSpace='rgb', contrast=1.0, depth=-8.0, flipHoriz=False, flipVert=False, image='L1.png', interpolate=True, mask=None, maskParams=None, name='trialL14', opacity=1.0, ori=0.0, pos=array([0., 0.]), size=array([0.1, 0.1]), texRes=128, units='height', win=Window(...))
27.4622 	EXP 	Created trialL23 = ImageStim(__class__=<class 'psychopy.visual.image.ImageStim'>, autoLog=True, color=array([1., 1., 1.]), colorSpace='rgb', contrast=1.0, depth=-9.0, flipHoriz=False, flipVert=False, image='L1.png', interpolate=True, mask=None, maskParams=None, name='trialL23', opacity=1.0, ori=0.0, pos=array([0., 0.]), size=array([0.1, 0.1]), texRes=128, units='height', win=Window(...))
27.4711 	EXP 	Created trialL24 = ImageStim(__class__=<class 'psychopy.visual.image.ImageStim'>, autoLog=True, color=array([1., 1., 1.]), colorSpace='rgb', contrast=1.0, depth=-10.0, flipHoriz=False, flipVert=False, image='L2.png', interpolate=True, mask=None, maskParams=None, name='trialL24', opacity=1.0, ori=0.0, pos=array([0., 0.]), size=array([0.1, 0.1]), texRes=128, units='height', win=Window(...))
27.4831 	EXP 	Created trialT13 = ImageStim(__class__=<class 'psychopy.visual.image.ImageStim'>, autoLog=True, color=array([1., 1., 1.]), colorSpace='rgb', contrast=1.0, depth=-11.0, flipHoriz=False, flipVert=False, image='T1.png', interpolate=True, mask=None, maskParams=None, name='trialT13', opacity=1.0, ori=0.0, pos=array([0., 0.]), size=array([0.1, 0.1]), texRes=128, units='height', win=Window(...))
27.4933 	EXP 	Created trialT14 = ImageStim(__class__=<class 'psychopy.visual.image.ImageStim'>, autoLog=True, color=array([1., 1., 1.]), colorSpace='rgb', contrast=1.0, depth=-12.0, flipHoriz=False, flipVert=False, image='T1.png', interpolate=True, mask=None, maskParams=None, name='trialT14', opacity=1.0, ori=0.0, pos=array([0., 0.]), size=array([0.1, 0.1]), texRes=128, units='height', win=Window(...))
27.5019 	EXP 	Created trialL15 = ImageStim(__class__=<class 'psychopy.visual.image.ImageStim'>, autoLog=True, color=array([1., 1., 1.]), colorSpace='rgb', contrast=1.0, depth=-13.0, flipHoriz=False, flipVert=False, image='L1.png', interpolate=True, mask=None, maskParams=None, name='trialL15', opacity=1.0, ori=0.0, pos=array([0., 0.]), size=array([0.1, 0.1]), texRes=128, units='height', win=Window(...))
27.5104 	EXP 	Created trialL16 = ImageStim(__class__=<class 'psychopy.visual.image.ImageStim'>, autoLog=True, color=array([1., 1., 1.]), colorSpace='rgb', contrast=1.0, depth=-14.0, flipHoriz=False, flipVert=False, image='L1.png', interpolate=True, mask=None, maskParams=None, name='trialL16', opacity=1.0, ori=0.0, pos=array([0., 0.]), size=array([0.1, 0.1]), texRes=128, units='height', win=Window(...))
27.5190 	EXP 	Created trialL25 = ImageStim(__class__=<class 'psychopy.visual.image.ImageStim'>, autoLog=True, color=array([1., 1., 1.]), colorSpace='rgb', contrast=1.0, depth=-15.0, flipHoriz=False, flipVert=False, image='L2.png', interpolate=True, mask=None, maskParams=None, name='trialL25', opacity=1.0, ori=0.0, pos=array([0., 0.]), size=array([0.1, 0.1]), texRes=128, units='height', win=Window(...))
27.5271 	EXP 	Created trialL26 = ImageStim(__class__=<class 'psychopy.visual.image.ImageStim'>, autoLog=True, color=array([1., 1., 1.]), colorSpace='rgb', contrast=1.0, depth=-16.0, flipHoriz=False, flipVert=False, image='L2.png', interpolate=True, mask=None, maskParams=None, name='trialL26', opacity=1.0, ori=0.0, pos=array([0., 0.]), size=array([0.1, 0.1]), texRes=128, units='height', win=Window(...))
27.5371 	EXP 	Created trialT15 = ImageStim(__class__=<class 'psychopy.visual.image.ImageStim'>, autoLog=True, color=array([1., 1., 1.]), colorSpace='rgb', contrast=1.0, depth=-17.0, flipHoriz=False, flipVert=False, image='T1.png', interpolate=True, mask=None, maskParams=None, name='trialT15', opacity=1.0, ori=0.0, pos=array([0., 0.]), size=array([0.1, 0.1]), texRes=128, units='height', win=Window(...))
27.5469 	EXP 	Created trialT16 = ImageStim(__class__=<class 'psychopy.visual.image.ImageStim'>, autoLog=True, color=array([1., 1., 1.]), colorSpace='rgb', contrast=1.0, depth=-18.0, flipHoriz=False, flipVert=False, image='T1.png', interpolate=True, mask=None, maskParams=None, name='trialT16', opacity=1.0, ori=0.0, pos=array([0., 0.]), size=array([0.1, 0.1]), texRes=128, units='height', win=Window(...))
27.5576 	EXP 	Created trialTT = ImageStim(__class__=<class 'psychopy.visual.image.ImageStim'>, autoLog=True, color=array([1., 1., 1.]), colorSpace='rgb', contrast=1.0, depth=-19.0, flipHoriz=False, flipVert=False, image='TT.png', interpolate=True, mask=None, maskParams=None, name='trialTT', opacity=1.0, ori=0.0, pos=array([0., 0.]), size=array([0.1, 0.1]), texRes=128, units='height', win=Window(...))
27.5844 	EXP 	Created thanks = TextStim(__class__=<class 'psychopy.visual.text.TextStim'>, alignHoriz=method-wrapper(...), alignText='center', alignVert=method-wrapper(...), anchorHoriz='center', anchorVert='center', antialias=True, autoLog=True, bold=False, color='white', colorSpace='named', contrast=1.0, depth=0.0, flipHoriz=False, flipVert=False, font='Arial', fontFiles=[], height=0.05, italic=False, languageStyle='LTR', name='thanks', opacity=1.0, ori=0, pos=array([0., 0.]), rgb=array([255., 255., 255.]), text=str(...), units='height', win=Window(...), wrapWidth=1)
27.6295 	EXP 	instr1: autoDraw = True
27.6295 	EXP 	l1ex: autoDraw = True
27.6295 	EXP 	l2ex: autoDraw = True
27.6295 	EXP 	t1ex: autoDraw = True
27.6295 	EXP 	tTex: autoDraw = True
28.5122 	EXP 	Imported vSearchCond1.xlsx as conditions, 40 conditions, 39 params
28.5146 	EXP 	Created sequence: sequential, trialTypes=40, nReps=1, seed=None
28.5161 	EXP 	New trial (rep=0, index=0): OrderedDict([('loc1', -0.2), ('loc2', -0.2), ('loc3', -0.4), ('loc4', 0.4), ('loc5', -0.4), ('loc6', 0.0), ('loc7', 0.4), ('loc8', 0.2), ('loc9', -0.4), ('loc10', -0.4), ('loc11', 0.4), ('loc12', -0.2), ('loc13', 0.4), ('loc14', 0.4), ('loc15', 0.2), ('loc16', 0.4), ('loc17', 0.0), ('loc18', 0.2), ('loc19', 0.2), ('loc20', 0.0), ('loc21', 0.2), ('loc22', -0.4), ('loc23', -0.2), ('loc24', 0.4), ('loc25', 0.0), ('loc26', -0.4), ('loc27', -0.2), ('loc28', 0.2), ('loc29', 0.2), ('loc30', 0.2), ('loc31', -0.2), ('loc32', 0.0), ('loc33', 0.2), ('loc34', -0.2), ('loc35', 0.4), ('loc36', -0.4), ('loc37', None), ('loc38', None), ('corrAns', 'k')])
28.5270 	DATA 	Keypress: space
28.5334 	EXP 	instr1: autoDraw = False
28.5334 	EXP 	l1ex: autoDraw = False
28.5334 	EXP 	l2ex: autoDraw = False
28.5334 	EXP 	t1ex: autoDraw = False
28.5334 	EXP 	tTex: autoDraw = False
28.5334 	EXP 	trialL11: pos = array([-0.2, -0.2])
28.5334 	EXP 	trialL12: pos = array([-0.4,  0.4])
28.5334 	EXP 	trialL21: pos = array([-0.4,  0. ])
28.5334 	EXP 	trialL22: pos = array([0.4, 0.2])
28.5334 	EXP 	trialT11: pos = array([-0.4, -0.4])
28.5334 	EXP 	trialT12: pos = array([ 0.4, -0.2])
28.5334 	EXP 	trialL13: pos = array([0.4, 0.4])
28.5334 	EXP 	trialL14: pos = array([0.2, 0.4])
28.5334 	EXP 	trialL23: pos = array([0. , 0.2])
28.5334 	EXP 	trialL24: pos = array([0.2, 0. ])
28.5334 	EXP 	trialT13: pos = array([ 0.2, -0.4])
28.5334 	EXP 	trialT14: pos = array([-0.2,  0.4])
28.5334 	EXP 	trialL15: pos = array([ 0. , -0.4])
28.5334 	EXP 	trialL16: pos = array([-0.2,  0.2])
28.5334 	EXP 	trialL25: pos = array([0.2, 0.2])
28.5334 	EXP 	trialL26: pos = array([-0.2,  0. ])
28.5334 	EXP 	trialT15: pos = array([ 0.2, -0.2])
28.5334 	EXP 	trialT16: pos = array([ 0.4, -0.4])
28.5334 	EXP 	trialTT: pos = array([nan, nan])
28.5334 	EXP 	trialFix: autoDraw = True
29.5342 	EXP 	trialL11: autoDraw = True
29.5342 	EXP 	trialL12: autoDraw = True
29.5342 	EXP 	trialL21: autoDraw = True
29.5342 	EXP 	trialL22: autoDraw = True
29.5342 	EXP 	trialT11: autoDraw = True
29.5342 	EXP 	trialT12: autoDraw = True
29.5342 	EXP 	trialL13: autoDraw = True
29.5342 	EXP 	trialL14: autoDraw = True
29.5342 	EXP 	trialL23: autoDraw = True
29.5342 	EXP 	trialL24: autoDraw = True
29.5342 	EXP 	trialT13: autoDraw = True
29.5342 	EXP 	trialT14: autoDraw = True
29.5342 	EXP 	trialL15: autoDraw = True
29.5342 	EXP 	trialL16: autoDraw = True
29.5342 	EXP 	trialL25: autoDraw = True
29.5342 	EXP 	trialL26: autoDraw = True
29.5342 	EXP 	trialT15: autoDraw = True
29.5342 	EXP 	trialT16: autoDraw = True
29.5342 	EXP 	trialTT: autoDraw = True
29.5618 	EXP 	trialFix: autoDraw = False
32.7540 	DATA 	Keypress: space
34.8009 	DATA 	Keypress: s
34.8304 	EXP 	New trial (rep=0, index=1): OrderedDict([('loc1', 0.4), ('loc2', 0.0), ('loc3', -0.2), ('loc4', 0.2), ('loc5', -0.4), ('loc6', 0.0), ('loc7', -0.4), ('loc8', -0.2), ('loc9', 0.4), ('loc10', 0.2), ('loc11', 0.0), ('loc12', 0.2), ('loc13', -0.4), ('loc14', 0.4), ('loc15', -0.4), ('loc16', 0.2), ('loc17', -0.2), ('loc18', 0.0), ('loc19', -0.2), ('loc20', -0.2), ('loc21', -0.2), ('loc22', -0.4), ('loc23', 0.0), ('loc24', -0.2), ('loc25', None), ('loc26', None), ('loc27', None), ('loc28', None), ('loc29', None), ('loc30', None), ('loc31', None), ('loc32', None), ('loc33', None), ('loc34', None), ('loc35', None), ('loc36', None), ('loc37', None), ('loc38', None), ('corrAns', 'k')])
34.8446 	EXP 	trialFix: autoDraw = False
34.8446 	EXP 	trialL11: autoDraw = False
34.8446 	EXP 	trialL12: autoDraw = False
34.8446 	EXP 	trialL21: autoDraw = False
34.8446 	EXP 	trialL22: autoDraw = False
34.8446 	EXP 	trialT11: autoDraw = False
34.8446 	EXP 	trialT12: autoDraw = False
34.8446 	EXP 	trialL13: autoDraw = False
34.8446 	EXP 	trialL14: autoDraw = False
34.8446 	EXP 	trialL23: autoDraw = False
34.8446 	EXP 	trialL24: autoDraw = False
34.8446 	EXP 	trialT13: autoDraw = False
34.8446 	EXP 	trialT14: autoDraw = False
34.8446 	EXP 	trialL15: autoDraw = False
34.8446 	EXP 	trialL16: autoDraw = False
34.8446 	EXP 	trialL25: autoDraw = False
34.8446 	EXP 	trialL26: autoDraw = False
34.8446 	EXP 	trialT15: autoDraw = False
34.8446 	EXP 	trialT16: autoDraw = False
34.8446 	EXP 	trialTT: autoDraw = False
34.8446 	EXP 	trialL11: pos = array([0.4, 0. ])
34.8446 	EXP 	trialL12: pos = array([-0.2,  0.2])
34.8446 	EXP 	trialL21: pos = array([-0.4,  0. ])
34.8446 	EXP 	trialL22: pos = array([-0.4, -0.2])
34.8446 	EXP 	trialT11: pos = array([0.4, 0.2])
34.8446 	EXP 	trialT12: pos = array([0. , 0.2])
34.8446 	EXP 	trialL13: pos = array([-0.4,  0.4])
34.8446 	EXP 	trialL14: pos = array([-0.4,  0.2])
34.8446 	EXP 	trialL23: pos = array([-0.2,  0. ])
34.8446 	EXP 	trialL24: pos = array([-0.2, -0.2])
34.8446 	EXP 	trialT13: pos = array([-0.2, -0.4])
34.8446 	EXP 	trialT14: pos = array([ 0. , -0.2])
34.8446 	EXP 	trialL15: pos = array([nan, nan])
34.8446 	EXP 	trialL16: pos = array([nan, nan])
34.8446 	EXP 	trialL25: pos = array([nan, nan])
34.8446 	EXP 	trialL26: pos = array([nan, nan])
34.8446 	EXP 	trialT15: pos = array([nan, nan])
34.8446 	EXP 	trialT16: pos = array([nan, nan])
34.8446 	EXP 	trialTT: pos = array([nan, nan])
34.8446 	EXP 	trialFix: autoDraw = True
35.8444 	EXP 	trialFix: autoDraw = False
35.8444 	EXP 	trialL11: autoDraw = True
35.8444 	EXP 	trialL12: autoDraw = True
35.8444 	EXP 	trialL21: autoDraw = True
35.8444 	EXP 	trialL22: autoDraw = True
35.8444 	EXP 	trialT11: autoDraw = True
35.8444 	EXP 	trialT12: autoDraw = True
35.8444 	EXP 	trialL13: autoDraw = True
35.8444 	EXP 	trialL14: autoDraw = True
35.8444 	EXP 	trialL23: autoDraw = True
35.8444 	EXP 	trialL24: autoDraw = True
35.8444 	EXP 	trialT13: autoDraw = True
35.8444 	EXP 	trialT14: autoDraw = True
35.8444 	EXP 	trialL15: autoDraw = True
35.8444 	EXP 	trialL16: autoDraw = True
35.8444 	EXP 	trialL25: autoDraw = True
35.8444 	EXP 	trialL26: autoDraw = True
35.8444 	EXP 	trialT15: autoDraw = True
35.8444 	EXP 	trialT16: autoDraw = True
35.8444 	EXP 	trialTT: autoDraw = True
36.2883 	EXP 	New trial (rep=0, index=2): OrderedDict([('loc1', -0.4), ('loc2', -0.2), ('loc3', 0.4), ('loc4', -0.2), ('loc5', 0.4), ('loc6', 0.2), ('loc7', 0.4), ('loc8', 0.0), ('loc9', 0.2), ('loc10', 0.2), ('loc11', 0.0), ('loc12', 0.2), ('loc13', -0.4), ('loc14', -0.4), ('loc15', 0.0), ('loc16', -0.4), ('loc17', 0.2), ('loc18', 0.4), ('loc19', -0.2), ('loc20', -0.4), ('loc21', -0.2), ('loc22', 0.4), ('loc23', 0.4), ('loc24', -0.4), ('loc25', -0.4), ('loc26', 0.2), ('loc27', -0.4), ('loc28', 0.0), ('loc29', -0.2), ('loc30', 0.2), ('loc31', 0.2), ('loc32', -0.4), ('loc33', 0.0), ('loc34', -0.2), ('loc35', 0.0), ('loc36', 0.4), ('loc37', None), ('loc38', None), ('corrAns', 'k')])
36.2987 	DATA 	Keypress: k
36.3037 	EXP 	trialFix: autoDraw = False
36.3037 	EXP 	trialL11: autoDraw = False
36.3037 	EXP 	trialL12: autoDraw = False
36.3037 	EXP 	trialL21: autoDraw = False
36.3037 	EXP 	trialL22: autoDraw = False
36.3037 	EXP 	trialT11: autoDraw = False
36.3037 	EXP 	trialT12: autoDraw = False
36.3037 	EXP 	trialL13: autoDraw = False
36.3037 	EXP 	trialL14: autoDraw = False
36.3037 	EXP 	trialL23: autoDraw = False
36.3037 	EXP 	trialL24: autoDraw = False
36.3037 	EXP 	trialT13: autoDraw = False
36.3037 	EXP 	trialT14: autoDraw = False
36.3037 	EXP 	trialL15: autoDraw = False
36.3037 	EXP 	trialL16: autoDraw = False
36.3037 	EXP 	trialL25: autoDraw = False
36.3037 	EXP 	trialL26: autoDraw = False
36.3037 	EXP 	trialT15: autoDraw = False
36.3037 	EXP 	trialT16: autoDraw = False
36.3037 	EXP 	trialTT: autoDraw = False
36.3037 	EXP 	trialL11: pos = array([-0.4, -0.2])
36.3037 	EXP 	trialL12: pos = array([ 0.4, -0.2])
36.3037 	EXP 	trialL21: pos = array([0.4, 0.2])
36.3037 	EXP 	trialL22: pos = array([0.4, 0. ])
36.3037 	EXP 	trialT11: pos = array([0.2, 0.2])
36.3037 	EXP 	trialT12: pos = array([0. , 0.2])
36.3037 	EXP 	trialL13: pos = array([-0.4, -0.4])
36.3037 	EXP 	trialL14: pos = array([ 0. , -0.4])
36.3037 	EXP 	trialL23: pos = array([0.2, 0.4])
36.3037 	EXP 	trialL24: pos = array([-0.2, -0.4])
36.3037 	EXP 	trialT13: pos = array([-0.2,  0.4])
36.3037 	EXP 	trialT14: pos = array([ 0.4, -0.4])
36.3037 	EXP 	trialL15: pos = array([-0.4,  0.2])
36.3037 	EXP 	trialL16: pos = array([-0.4,  0. ])
36.3037 	EXP 	trialL25: pos = array([-0.2,  0.2])
36.3037 	EXP 	trialL26: pos = array([ 0.2, -0.4])
36.3037 	EXP 	trialT15: pos = array([ 0. , -0.2])
36.3037 	EXP 	trialT16: pos = array([0. , 0.4])
36.3037 	EXP 	trialTT: pos = array([nan, nan])
36.3037 	EXP 	trialFix: autoDraw = True
37.2940 	EXP 	trialL11: autoDraw = True
37.2940 	EXP 	trialL12: autoDraw = True
37.2940 	EXP 	trialL21: autoDraw = True
37.2940 	EXP 	trialL22: autoDraw = True
37.2940 	EXP 	trialT11: autoDraw = True
37.2940 	EXP 	trialT12: autoDraw = True
37.2940 	EXP 	trialL13: autoDraw = True
37.2940 	EXP 	trialL14: autoDraw = True
37.2940 	EXP 	trialL23: autoDraw = True
37.2940 	EXP 	trialL24: autoDraw = True
37.2940 	EXP 	trialT13: autoDraw = True
37.2940 	EXP 	trialT14: autoDraw = True
37.2940 	EXP 	trialL15: autoDraw = True
37.2940 	EXP 	trialL16: autoDraw = True
37.2940 	EXP 	trialL25: autoDraw = True
37.2940 	EXP 	trialL26: autoDraw = True
37.2940 	EXP 	trialT15: autoDraw = True
37.2940 	EXP 	trialT16: autoDraw = True
37.2940 	EXP 	trialTT: autoDraw = True
37.3122 	EXP 	trialFix: autoDraw = False
37.6379 	EXP 	New trial (rep=0, index=3): OrderedDict([('loc1', 0.2), ('loc2', -0.2), ('loc3', None), ('loc4', None), ('loc5', 0.4), ('loc6', -0.2), ('loc7', -0.4), ('loc8', 0.0), ('loc9', 0.4), ('loc10', 0.2), ('loc11', 0.0), ('loc12', 0.2), ('loc13', -0.4), ('loc14', 0.2), ('loc15', -0.4), ('loc16', -0.2), ('loc17', -0.2), ('loc18', 0.4), ('loc19', -0.2), ('loc20', 0.2), ('loc21', -0.2), ('loc22', 0.0), ('loc23', 0.2), ('loc24', 0.0), ('loc25', None), ('loc26', None), ('loc27', None), ('loc28', None), ('loc29', None), ('loc30', None), ('loc31', None), ('loc32', None), ('loc33', None), ('loc34', None), ('loc35', None), ('loc36', None), ('loc37', 0.4), ('loc38', 0.0), ('corrAns', 's')])
37.6484 	DATA 	Keypress: s
37.6534 	EXP 	trialFix: autoDraw = False
37.6534 	EXP 	trialL11: autoDraw = False
37.6534 	EXP 	trialL12: autoDraw = False
37.6534 	EXP 	trialL21: autoDraw = False
37.6534 	EXP 	trialL22: autoDraw = False
37.6534 	EXP 	trialT11: autoDraw = False
37.6534 	EXP 	trialT12: autoDraw = False
37.6534 	EXP 	trialL13: autoDraw = False
37.6534 	EXP 	trialL14: autoDraw = False
37.6534 	EXP 	trialL23: autoDraw = False
37.6534 	EXP 	trialL24: autoDraw = False
37.6534 	EXP 	trialT13: autoDraw = False
37.6534 	EXP 	trialT14: autoDraw = False
37.6534 	EXP 	trialL15: autoDraw = False
37.6534 	EXP 	trialL16: autoDraw = False
37.6534 	EXP 	trialL25: autoDraw = False
37.6534 	EXP 	trialL26: autoDraw = False
37.6534 	EXP 	trialT15: autoDraw = False
37.6534 	EXP 	trialT16: autoDraw = False
37.6534 	EXP 	trialTT: autoDraw = False
37.6534 	EXP 	trialL11: pos = array([ 0.2, -0.2])
37.6534 	EXP 	trialL12: pos = array([nan, nan])
37.6534 	EXP 	trialL21: pos = array([ 0.4, -0.2])
37.6534 	EXP 	trialL22: pos = array([-0.4,  0. ])
37.6534 	EXP 	trialT11: pos = array([0.4, 0.2])
37.6534 	EXP 	trialT12: pos = array([0. , 0.2])
37.6534 	EXP 	trialL13: pos = array([-0.4,  0.2])
37.6534 	EXP 	trialL14: pos = array([-0.4, -0.2])
37.6534 	EXP 	trialL23: pos = array([-0.2,  0.4])
37.6534 	EXP 	trialL24: pos = array([-0.2,  0.2])
37.6534 	EXP 	trialT13: pos = array([-0.2,  0. ])
37.6534 	EXP 	trialT14: pos = array([0.2, 0. ])
37.6534 	EXP 	trialL15: pos = array([nan, nan])
37.6534 	EXP 	trialL16: pos = array([nan, nan])
37.6534 	EXP 	trialL25: pos = array([nan, nan])
37.6534 	EXP 	trialL26: pos = array([nan, nan])
37.6534 	EXP 	trialT15: pos = array([nan, nan])
37.6534 	EXP 	trialT16: pos = array([nan, nan])
37.6534 	EXP 	trialTT: pos = array([0.4, 0. ])
37.6534 	EXP 	trialFix: autoDraw = True
38.6436 	EXP 	trialL11: autoDraw = True
38.6436 	EXP 	trialL12: autoDraw = True
38.6436 	EXP 	trialL21: autoDraw = True
38.6436 	EXP 	trialL22: autoDraw = True
38.6436 	EXP 	trialT11: autoDraw = True
38.6436 	EXP 	trialT12: autoDraw = True
38.6436 	EXP 	trialL13: autoDraw = True
38.6436 	EXP 	trialL14: autoDraw = True
38.6436 	EXP 	trialL23: autoDraw = True
38.6436 	EXP 	trialL24: autoDraw = True
38.6436 	EXP 	trialT13: autoDraw = True
38.6436 	EXP 	trialT14: autoDraw = True
38.6436 	EXP 	trialL15: autoDraw = True
38.6436 	EXP 	trialL16: autoDraw = True
38.6436 	EXP 	trialL25: autoDraw = True
38.6436 	EXP 	trialL26: autoDraw = True
38.6436 	EXP 	trialT15: autoDraw = True
38.6436 	EXP 	trialT16: autoDraw = True
38.6436 	EXP 	trialTT: autoDraw = True
38.6623 	EXP 	trialFix: autoDraw = False
38.8879 	EXP 	New trial (rep=0, index=4): OrderedDict([('loc1', -0.4), ('loc2', -0.2), ('loc3', 0.4), ('loc4', -0.2), ('loc5', 0.4), ('loc6', 0.2), ('loc7', 0.4), ('loc8', 0.0), ('loc9', 0.2), ('loc10', 0.2), ('loc11', 0.0), ('loc12', 0.2), ('loc13', None), ('loc14', None), ('loc15', None), ('loc16', None), ('loc17', None), ('loc18', None), ('loc19', None), ('loc20', None), ('loc21', None), ('loc22', None), ('loc23', None), ('loc24', None), ('loc25', None), ('loc26', None), ('loc27', None), ('loc28', None), ('loc29', None), ('loc30', None), ('loc31', None), ('loc32', None), ('loc33', None), ('loc34', None), ('loc35', None), ('loc36', None), ('loc37', None), ('loc38', None), ('corrAns', 'k')])
38.8982 	DATA 	Keypress: k
38.9032 	EXP 	trialFix: autoDraw = False
38.9032 	EXP 	trialL11: autoDraw = False
38.9032 	EXP 	trialL12: autoDraw = False
38.9032 	EXP 	trialL21: autoDraw = False
38.9032 	EXP 	trialL22: autoDraw = False
38.9032 	EXP 	trialT11: autoDraw = False
38.9032 	EXP 	trialT12: autoDraw = False
38.9032 	EXP 	trialL13: autoDraw = False
38.9032 	EXP 	trialL14: autoDraw = False
38.9032 	EXP 	trialL23: autoDraw = False
38.9032 	EXP 	trialL24: autoDraw = False
38.9032 	EXP 	trialT13: autoDraw = False
38.9032 	EXP 	trialT14: autoDraw = False
38.9032 	EXP 	trialL15: autoDraw = False
38.9032 	EXP 	trialL16: autoDraw = False
38.9032 	EXP 	trialL25: autoDraw = False
38.9032 	EXP 	trialL26: autoDraw = False
38.9032 	EXP 	trialT15: autoDraw = False
38.9032 	EXP 	trialT16: autoDraw = False
38.9032 	EXP 	trialTT: autoDraw = False
38.9032 	EXP 	trialL11: pos = array([-0.4, -0.2])
38.9032 	EXP 	trialL12: pos = array([ 0.4, -0.2])
38.9032 	EXP 	trialL21: pos = array([0.4, 0.2])
38.9032 	EXP 	trialL22: pos = array([0.4, 0. ])
38.9032 	EXP 	trialT11: pos = array([0.2, 0.2])
38.9032 	EXP 	trialT12: pos = array([0. , 0.2])
38.9032 	EXP 	trialL13: pos = array([nan, nan])
38.9032 	EXP 	trialL14: pos = array([nan, nan])
38.9032 	EXP 	trialL23: pos = array([nan, nan])
38.9032 	EXP 	trialL24: pos = array([nan, nan])
38.9032 	EXP 	trialT13: pos = array([nan, nan])
38.9032 	EXP 	trialT14: pos = array([nan, nan])
38.9032 	EXP 	trialL15: pos = array([nan, nan])
38.9032 	EXP 	trialL16: pos = array([nan, nan])
38.9032 	EXP 	trialL25: pos = array([nan, nan])
38.9032 	EXP 	trialL26: pos = array([nan, nan])
38.9032 	EXP 	trialT15: pos = array([nan, nan])
38.9032 	EXP 	trialT16: pos = array([nan, nan])
38.9032 	EXP 	trialTT: pos = array([nan, nan])
38.9032 	EXP 	trialFix: autoDraw = True
39.8934 	EXP 	trialL11: autoDraw = True
39.8934 	EXP 	trialL12: autoDraw = True
39.8934 	EXP 	trialL21: autoDraw = True
39.8934 	EXP 	trialL22: autoDraw = True
39.8934 	EXP 	trialT11: autoDraw = True
39.8934 	EXP 	trialT12: autoDraw = True
39.8934 	EXP 	trialL13: autoDraw = True
39.8934 	EXP 	trialL14: autoDraw = True
39.8934 	EXP 	trialL23: autoDraw = True
39.8934 	EXP 	trialL24: autoDraw = True
39.8934 	EXP 	trialT13: autoDraw = True
39.8934 	EXP 	trialT14: autoDraw = True
39.8934 	EXP 	trialL15: autoDraw = True
39.8934 	EXP 	trialL16: autoDraw = True
39.8934 	EXP 	trialL25: autoDraw = True
39.8934 	EXP 	trialL26: autoDraw = True
39.8934 	EXP 	trialT15: autoDraw = True
39.8934 	EXP 	trialT16: autoDraw = True
39.8934 	EXP 	trialTT: autoDraw = True
39.9108 	EXP 	trialFix: autoDraw = False
40.0874 	EXP 	New trial (rep=0, index=5): OrderedDict([('loc1', 0.4), ('loc2', 0.0), ('loc3', -0.2), ('loc4', 0.2), ('loc5', 0.0), ('loc6', 0.0), ('loc7', -0.4), ('loc8', -0.2), ('loc9', 0.4), ('loc10', 0.2), ('loc11', 0.0), ('loc12', 0.2), ('loc13', -0.2), ('loc14', -0.4), ('loc15', 0.4), ('loc16', -0.4), ('loc17', 0.2), ('loc18', 0.4), ('loc19', 0.2), ('loc20', -0.4), ('loc21', 0.0), ('loc22', 0.4), ('loc23', 0.4), ('loc24', 0.4), ('loc25', None), ('loc26', None), ('loc27', None), ('loc28', None), ('loc29', None), ('loc30', None), ('loc31', None), ('loc32', None), ('loc33', None), ('loc34', None), ('loc35', None), ('loc36', None), ('loc37', None), ('loc38', None), ('corrAns', 'k')])
40.1009 	DATA 	Keypress: s
40.1059 	EXP 	trialFix: autoDraw = False
40.1059 	EXP 	trialL11: autoDraw = False
40.1059 	EXP 	trialL12: autoDraw = False
40.1059 	EXP 	trialL21: autoDraw = False
40.1059 	EXP 	trialL22: autoDraw = False
40.1059 	EXP 	trialT11: autoDraw = False
40.1059 	EXP 	trialT12: autoDraw = False
40.1059 	EXP 	trialL13: autoDraw = False
40.1059 	EXP 	trialL14: autoDraw = False
40.1059 	EXP 	trialL23: autoDraw = False
40.1059 	EXP 	trialL24: autoDraw = False
40.1059 	EXP 	trialT13: autoDraw = False
40.1059 	EXP 	trialT14: autoDraw = False
40.1059 	EXP 	trialL15: autoDraw = False
40.1059 	EXP 	trialL16: autoDraw = False
40.1059 	EXP 	trialL25: autoDraw = False
40.1059 	EXP 	trialL26: autoDraw = False
40.1059 	EXP 	trialT15: autoDraw = False
40.1059 	EXP 	trialT16: autoDraw = False
40.1059 	EXP 	trialTT: autoDraw = False
40.1059 	EXP 	trialL11: pos = array([0.4, 0. ])
40.1059 	EXP 	trialL12: pos = array([-0.2,  0.2])
40.1059 	EXP 	trialL21: pos = array([0., 0.])
40.1059 	EXP 	trialL22: pos = array([-0.4, -0.2])
40.1059 	EXP 	trialT11: pos = array([0.4, 0.2])
40.1059 	EXP 	trialT12: pos = array([0. , 0.2])
40.1059 	EXP 	trialL13: pos = array([-0.2, -0.4])
40.1059 	EXP 	trialL14: pos = array([ 0.4, -0.4])
40.1059 	EXP 	trialL23: pos = array([0.2, 0.4])
40.1059 	EXP 	trialL24: pos = array([ 0.2, -0.4])
40.1059 	EXP 	trialT13: pos = array([0. , 0.4])
40.1059 	EXP 	trialT14: pos = array([0.4, 0.4])
40.1059 	EXP 	trialL15: pos = array([nan, nan])
40.1059 	EXP 	trialL16: pos = array([nan, nan])
40.1059 	EXP 	trialL25: pos = array([nan, nan])
40.1059 	EXP 	trialL26: pos = array([nan, nan])
40.1059 	EXP 	trialT15: pos = array([nan, nan])
40.1059 	EXP 	trialT16: pos = array([nan, nan])
40.1059 	EXP 	trialTT: pos = array([nan, nan])
40.1059 	EXP 	trialFix: autoDraw = True
41.0930 	EXP 	trialL11: autoDraw = True
41.0930 	EXP 	trialL12: autoDraw = True
41.0930 	EXP 	trialL21: autoDraw = True
41.0930 	EXP 	trialL22: autoDraw = True
41.0930 	EXP 	trialT11: autoDraw = True
41.0930 	EXP 	trialT12: autoDraw = True
41.0930 	EXP 	trialL13: autoDraw = True
41.0930 	EXP 	trialL14: autoDraw = True
41.0930 	EXP 	trialL23: autoDraw = True
41.0930 	EXP 	trialL24: autoDraw = True
41.0930 	EXP 	trialT13: autoDraw = True
41.0930 	EXP 	trialT14: autoDraw = True
41.0930 	EXP 	trialL15: autoDraw = True
41.0930 	EXP 	trialL16: autoDraw = True
41.0930 	EXP 	trialL25: autoDraw = True
41.0930 	EXP 	trialL26: autoDraw = True
41.0930 	EXP 	trialT15: autoDraw = True
41.0930 	EXP 	trialT16: autoDraw = True
41.0930 	EXP 	trialTT: autoDraw = True
41.1108 	EXP 	trialFix: autoDraw = False
41.4495 	DATA 	Keypress: k
41.4704 	EXP 	New trial (rep=0, index=6): OrderedDict([('loc1', 0.2), ('loc2', -0.2), ('loc3', -0.4), ('loc4', 0.0), ('loc5', -0.4), ('loc6', 0.2), ('loc7', 0.4), ('loc8', 0.2), ('loc9', -0.4), ('loc10', -0.4), ('loc11', 0.4), ('loc12', 0.4), ('loc13', -0.4), ('loc14', -0.2), ('loc15', 0.2), ('loc16', 0.4), ('loc17', 0.0), ('loc18', -0.2), ('loc19', 0.2), ('loc20', 0.0), ('loc21', 0.0), ('loc22', -0.4), ('loc23', -0.2), ('loc24', -0.4), ('loc25', -0.2), ('loc26', 0.4), ('loc27', -0.4), ('loc28', 0.4), ('loc29', 0.0), ('loc30', 0.0), ('loc31', 0.4), ('loc32', -0.2), ('loc33', -0.2), ('loc34', 0.2), ('loc35', 0.4), ('loc36', 0.0), ('loc37', None), ('loc38', None), ('corrAns', 'k')])
41.4853 	EXP 	trialFix: autoDraw = False
41.4853 	EXP 	trialL11: autoDraw = False
41.4853 	EXP 	trialL12: autoDraw = False
41.4853 	EXP 	trialL21: autoDraw = False
41.4853 	EXP 	trialL22: autoDraw = False
41.4853 	EXP 	trialT11: autoDraw = False
41.4853 	EXP 	trialT12: autoDraw = False
41.4853 	EXP 	trialL13: autoDraw = False
41.4853 	EXP 	trialL14: autoDraw = False
41.4853 	EXP 	trialL23: autoDraw = False
41.4853 	EXP 	trialL24: autoDraw = False
41.4853 	EXP 	trialT13: autoDraw = False
41.4853 	EXP 	trialT14: autoDraw = False
41.4853 	EXP 	trialL15: autoDraw = False
41.4853 	EXP 	trialL16: autoDraw = False
41.4853 	EXP 	trialL25: autoDraw = False
41.4853 	EXP 	trialL26: autoDraw = False
41.4853 	EXP 	trialT15: autoDraw = False
41.4853 	EXP 	trialT16: autoDraw = False
41.4853 	EXP 	trialTT: autoDraw = False
41.4853 	EXP 	trialL11: pos = array([ 0.2, -0.2])
41.4853 	EXP 	trialL12: pos = array([-0.4,  0. ])
41.4853 	EXP 	trialL21: pos = array([-0.4,  0.2])
41.4853 	EXP 	trialL22: pos = array([0.4, 0.2])
41.4853 	EXP 	trialT11: pos = array([-0.4, -0.4])
41.4853 	EXP 	trialT12: pos = array([0.4, 0.4])
41.4853 	EXP 	trialL13: pos = array([-0.4, -0.2])
41.4853 	EXP 	trialL14: pos = array([0.2, 0.4])
41.4853 	EXP 	trialL23: pos = array([ 0. , -0.2])
41.4853 	EXP 	trialL24: pos = array([0.2, 0. ])
41.4853 	EXP 	trialT13: pos = array([ 0. , -0.4])
41.4853 	EXP 	trialT14: pos = array([-0.2, -0.4])
41.4853 	EXP 	trialL15: pos = array([-0.2,  0.4])
41.4853 	EXP 	trialL16: pos = array([-0.4,  0.4])
41.4853 	EXP 	trialL25: pos = array([0., 0.])
41.4853 	EXP 	trialL26: pos = array([ 0.4, -0.2])
41.4853 	EXP 	trialT15: pos = array([-0.2,  0.2])
41.4853 	EXP 	trialT16: pos = array([0.4, 0. ])
41.4853 	EXP 	trialTT: pos = array([nan, nan])
41.4853 	EXP 	trialFix: autoDraw = True
42.4760 	EXP 	trialL11: autoDraw = True
42.4760 	EXP 	trialL12: autoDraw = True
42.4760 	EXP 	trialL21: autoDraw = True
42.4760 	EXP 	trialL22: autoDraw = True
42.4760 	EXP 	trialT11: autoDraw = True
42.4760 	EXP 	trialT12: autoDraw = True
42.4760 	EXP 	trialL13: autoDraw = True
42.4760 	EXP 	trialL14: autoDraw = True
42.4760 	EXP 	trialL23: autoDraw = True
42.4760 	EXP 	trialL24: autoDraw = True
42.4760 	EXP 	trialT13: autoDraw = True
42.4760 	EXP 	trialT14: autoDraw = True
42.4760 	EXP 	trialL15: autoDraw = True
42.4760 	EXP 	trialL16: autoDraw = True
42.4760 	EXP 	trialL25: autoDraw = True
42.4760 	EXP 	trialL26: autoDraw = True
42.4760 	EXP 	trialT15: autoDraw = True
42.4760 	EXP 	trialT16: autoDraw = True
42.4760 	EXP 	trialTT: autoDraw = True
42.4941 	EXP 	trialFix: autoDraw = False
42.7824 	DATA 	Keypress: d
42.8037 	EXP 	New trial (rep=0, index=7): OrderedDict([('loc1', 0.4), ('loc2', 0.2), ('loc3', 0.0), ('loc4', 0.2), ('loc5', 0.0), ('loc6', 0.0), ('loc7', 0.0), ('loc8', -0.2), ('loc9', 0.2), ('loc10', 0.2), ('loc11', -0.4), ('loc12', -0.2), ('loc13', None), ('loc14', None), ('loc15', None), ('loc16', None), ('loc17', None), ('loc18', None), ('loc19', None), ('loc20', None), ('loc21', None), ('loc22', None), ('loc23', None), ('loc24', None), ('loc25', None), ('loc26', None), ('loc27', None), ('loc28', None), ('loc29', None), ('loc30', None), ('loc31', None), ('loc32', None), ('loc33', None), ('loc34', None), ('loc35', None), ('loc36', None), ('loc37', None), ('loc38', None), ('corrAns', 'k')])
42.8190 	EXP 	trialFix: autoDraw = False
42.8190 	EXP 	trialL11: autoDraw = False
42.8190 	EXP 	trialL12: autoDraw = False
42.8190 	EXP 	trialL21: autoDraw = False
42.8190 	EXP 	trialL22: autoDraw = False
42.8190 	EXP 	trialT11: autoDraw = False
42.8190 	EXP 	trialT12: autoDraw = False
42.8190 	EXP 	trialL13: autoDraw = False
42.8190 	EXP 	trialL14: autoDraw = False
42.8190 	EXP 	trialL23: autoDraw = False
42.8190 	EXP 	trialL24: autoDraw = False
42.8190 	EXP 	trialT13: autoDraw = False
42.8190 	EXP 	trialT14: autoDraw = False
42.8190 	EXP 	trialL15: autoDraw = False
42.8190 	EXP 	trialL16: autoDraw = False
42.8190 	EXP 	trialL25: autoDraw = False
42.8190 	EXP 	trialL26: autoDraw = False
42.8190 	EXP 	trialT15: autoDraw = False
42.8190 	EXP 	trialT16: autoDraw = False
42.8190 	EXP 	trialTT: autoDraw = False
42.8190 	EXP 	trialL11: pos = array([0.4, 0.2])
42.8190 	EXP 	trialL12: pos = array([0. , 0.2])
42.8190 	EXP 	trialL21: pos = array([0., 0.])
42.8190 	EXP 	trialL22: pos = array([ 0. , -0.2])
42.8190 	EXP 	trialT11: pos = array([0.2, 0.2])
42.8190 	EXP 	trialT12: pos = array([-0.4, -0.2])
42.8190 	EXP 	trialL13: pos = array([nan, nan])
42.8190 	EXP 	trialL14: pos = array([nan, nan])
42.8190 	EXP 	trialL23: pos = array([nan, nan])
42.8190 	EXP 	trialL24: pos = array([nan, nan])
42.8190 	EXP 	trialT13: pos = array([nan, nan])
42.8190 	EXP 	trialT14: pos = array([nan, nan])
42.8190 	EXP 	trialL15: pos = array([nan, nan])
42.8190 	EXP 	trialL16: pos = array([nan, nan])
42.8190 	EXP 	trialL25: pos = array([nan, nan])
42.8190 	EXP 	trialL26: pos = array([nan, nan])
42.8190 	EXP 	trialT15: pos = array([nan, nan])
42.8190 	EXP 	trialT16: pos = array([nan, nan])
42.8190 	EXP 	trialTT: pos = array([nan, nan])
42.8190 	EXP 	trialFix: autoDraw = True
43.8090 	EXP 	trialL11: autoDraw = True
43.8090 	EXP 	trialL12: autoDraw = True
43.8090 	EXP 	trialL21: autoDraw = True
43.8090 	EXP 	trialL22: autoDraw = True
43.8090 	EXP 	trialT11: autoDraw = True
43.8090 	EXP 	trialT12: autoDraw = True
43.8090 	EXP 	trialL13: autoDraw = True
43.8090 	EXP 	trialL14: autoDraw = True
43.8090 	EXP 	trialL23: autoDraw = True
43.8090 	EXP 	trialL24: autoDraw = True
43.8090 	EXP 	trialT13: autoDraw = True
43.8090 	EXP 	trialT14: autoDraw = True
43.8090 	EXP 	trialL15: autoDraw = True
43.8090 	EXP 	trialL16: autoDraw = True
43.8090 	EXP 	trialL25: autoDraw = True
43.8090 	EXP 	trialL26: autoDraw = True
43.8090 	EXP 	trialT15: autoDraw = True
43.8090 	EXP 	trialT16: autoDraw = True
43.8090 	EXP 	trialTT: autoDraw = True
43.8265 	EXP 	trialFix: autoDraw = False
44.0151 	DATA 	Keypress: k
44.0366 	EXP 	New trial (rep=0, index=8): OrderedDict([('loc1', -0.2), ('loc2', -0.2), ('loc3', -0.4), ('loc4', 0.0), ('loc5', -0.4), ('loc6', 0.2), ('loc7', 0.4), ('loc8', 0.2), ('loc9', -0.4), ('loc10', 0.4), ('loc11', 0.4), ('loc12', 0.4), ('loc13', None), ('loc14', None), ('loc15', -0.4), ('loc16', -0.2), ('loc17', 0.2), ('loc18', -0.4), ('loc19', -0.2), ('loc20', 0.2), ('loc21', 0.2), ('loc22', 0.0), ('loc23', 0.0), ('loc24', 0.4), ('loc25', -0.4), ('loc26', -0.4), ('loc27', 0.0), ('loc28', -0.2), ('loc29', 0.4), ('loc30', -0.2), ('loc31', 0.0), ('loc32', -0.4), ('loc33', 0.2), ('loc34', 0.0), ('loc35', 0.0), ('loc36', 0.0), ('loc37', 0.4), ('loc38', 0.0), ('corrAns', 's')])
44.0513 	EXP 	trialFix: autoDraw = False
44.0513 	EXP 	trialL11: autoDraw = False
44.0513 	EXP 	trialL12: autoDraw = False
44.0513 	EXP 	trialL21: autoDraw = False
44.0513 	EXP 	trialL22: autoDraw = False
44.0513 	EXP 	trialT11: autoDraw = False
44.0513 	EXP 	trialT12: autoDraw = False
44.0513 	EXP 	trialL13: autoDraw = False
44.0513 	EXP 	trialL14: autoDraw = False
44.0513 	EXP 	trialL23: autoDraw = False
44.0513 	EXP 	trialL24: autoDraw = False
44.0513 	EXP 	trialT13: autoDraw = False
44.0513 	EXP 	trialT14: autoDraw = False
44.0513 	EXP 	trialL15: autoDraw = False
44.0513 	EXP 	trialL16: autoDraw = False
44.0513 	EXP 	trialL25: autoDraw = False
44.0513 	EXP 	trialL26: autoDraw = False
44.0513 	EXP 	trialT15: autoDraw = False
44.0513 	EXP 	trialT16: autoDraw = False
44.0513 	EXP 	trialTT: autoDraw = False
44.0513 	EXP 	trialL11: pos = array([-0.2, -0.2])
44.0513 	EXP 	trialL12: pos = array([-0.4,  0. ])
44.0513 	EXP 	trialL21: pos = array([-0.4,  0.2])
44.0513 	EXP 	trialL22: pos = array([0.4, 0.2])
44.0513 	EXP 	trialT11: pos = array([-0.4,  0.4])
44.0513 	EXP 	trialT12: pos = array([0.4, 0.4])
44.0513 	EXP 	trialL13: pos = array([nan, nan])
44.0513 	EXP 	trialL14: pos = array([-0.4, -0.2])
44.0513 	EXP 	trialL23: pos = array([ 0.2, -0.4])
44.0513 	EXP 	trialL24: pos = array([-0.2,  0.2])
44.0513 	EXP 	trialT13: pos = array([0.2, 0. ])
44.0513 	EXP 	trialT14: pos = array([0. , 0.4])
44.0513 	EXP 	trialL15: pos = array([-0.4, -0.4])
44.0513 	EXP 	trialL16: pos = array([ 0. , -0.2])
44.0513 	EXP 	trialL25: pos = array([ 0.4, -0.2])
44.0513 	EXP 	trialL26: pos = array([ 0. , -0.4])
44.0513 	EXP 	trialT15: pos = array([0.2, 0. ])
44.0513 	EXP 	trialT16: pos = array([0., 0.])
44.0513 	EXP 	trialTT: pos = array([0.4, 0. ])
44.0513 	EXP 	trialFix: autoDraw = True
45.0420 	EXP 	trialL11: autoDraw = True
45.0420 	EXP 	trialL12: autoDraw = True
45.0420 	EXP 	trialL21: autoDraw = True
45.0420 	EXP 	trialL22: autoDraw = True
45.0420 	EXP 	trialT11: autoDraw = True
45.0420 	EXP 	trialT12: autoDraw = True
45.0420 	EXP 	trialL13: autoDraw = True
45.0420 	EXP 	trialL14: autoDraw = True
45.0420 	EXP 	trialL23: autoDraw = True
45.0420 	EXP 	trialL24: autoDraw = True
45.0420 	EXP 	trialT13: autoDraw = True
45.0420 	EXP 	trialT14: autoDraw = True
45.0420 	EXP 	trialL15: autoDraw = True
45.0420 	EXP 	trialL16: autoDraw = True
45.0420 	EXP 	trialL25: autoDraw = True
45.0420 	EXP 	trialL26: autoDraw = True
45.0420 	EXP 	trialT15: autoDraw = True
45.0420 	EXP 	trialT16: autoDraw = True
45.0420 	EXP 	trialTT: autoDraw = True
45.0602 	EXP 	trialFix: autoDraw = False
45.3358 	EXP 	New trial (rep=0, index=9): OrderedDict([('loc1', -0.4), ('loc2', 0.2), ('loc3', 0.0), ('loc4', 0.0), ('loc5', 0.0), ('loc6', -0.2), ('loc7', None), ('loc8', None), ('loc9', 0.0), ('loc10', 0.2), ('loc11', -0.4), ('loc12', -0.2), ('loc13', -0.4), ('loc14', -0.4), ('loc15', 0.4), ('loc16', -0.4), ('loc17', 0.0), ('loc18', 0.4), ('loc19', -0.2), ('loc20', -0.4), ('loc21', -0.2), ('loc22', 0.4), ('loc23', 0.2), ('loc24', 0.4), ('loc25', 0.0), ('loc26', -0.4), ('loc27', 0.2), ('loc28', -0.4), ('loc29', 0.4), ('loc30', 0.0), ('loc31', 0.4), ('loc32', 0.4), ('loc33', 0.4), ('loc34', 0.2), ('loc35', 0.4), ('loc36', -0.2), ('loc37', -0.4), ('loc38', 0.0), ('corrAns', 's')])
45.3463 	DATA 	Keypress: l
45.3513 	EXP 	trialFix: autoDraw = False
45.3513 	EXP 	trialL11: autoDraw = False
45.3513 	EXP 	trialL12: autoDraw = False
45.3513 	EXP 	trialL21: autoDraw = False
45.3513 	EXP 	trialL22: autoDraw = False
45.3513 	EXP 	trialT11: autoDraw = False
45.3513 	EXP 	trialT12: autoDraw = False
45.3513 	EXP 	trialL13: autoDraw = False
45.3513 	EXP 	trialL14: autoDraw = False
45.3513 	EXP 	trialL23: autoDraw = False
45.3513 	EXP 	trialL24: autoDraw = False
45.3513 	EXP 	trialT13: autoDraw = False
45.3513 	EXP 	trialT14: autoDraw = False
45.3513 	EXP 	trialL15: autoDraw = False
45.3513 	EXP 	trialL16: autoDraw = False
45.3513 	EXP 	trialL25: autoDraw = False
45.3513 	EXP 	trialL26: autoDraw = False
45.3513 	EXP 	trialT15: autoDraw = False
45.3513 	EXP 	trialT16: autoDraw = False
45.3513 	EXP 	trialTT: autoDraw = False
45.3513 	EXP 	trialL11: pos = array([-0.4,  0.2])
45.3513 	EXP 	trialL12: pos = array([0., 0.])
45.3513 	EXP 	trialL21: pos = array([ 0. , -0.2])
45.3513 	EXP 	trialL22: pos = array([nan, nan])
45.3513 	EXP 	trialT11: pos = array([0. , 0.2])
45.3513 	EXP 	trialT12: pos = array([-0.4, -0.2])
45.3513 	EXP 	trialL13: pos = array([-0.4, -0.4])
45.3513 	EXP 	trialL14: pos = array([ 0.4, -0.4])
45.3513 	EXP 	trialL23: pos = array([0. , 0.4])
45.3513 	EXP 	trialL24: pos = array([-0.2, -0.4])
45.3513 	EXP 	trialT13: pos = array([-0.2,  0.4])
45.3513 	EXP 	trialT14: pos = array([0.2, 0.4])
45.3513 	EXP 	trialL15: pos = array([ 0. , -0.4])
45.3513 	EXP 	trialL16: pos = array([ 0.2, -0.4])
45.3513 	EXP 	trialL25: pos = array([0.4, 0. ])
45.3513 	EXP 	trialL26: pos = array([0.4, 0.4])
45.3513 	EXP 	trialT15: pos = array([0.4, 0.2])
45.3513 	EXP 	trialT16: pos = array([ 0.4, -0.2])
45.3513 	EXP 	trialTT: pos = array([-0.4,  0. ])
45.3513 	EXP 	trialFix: autoDraw = True
46.3417 	EXP 	trialL11: autoDraw = True
46.3417 	EXP 	trialL12: autoDraw = True
46.3417 	EXP 	trialL21: autoDraw = True
46.3417 	EXP 	trialL22: autoDraw = True
46.3417 	EXP 	trialT11: autoDraw = True
46.3417 	EXP 	trialT12: autoDraw = True
46.3417 	EXP 	trialL13: autoDraw = True
46.3417 	EXP 	trialL14: autoDraw = True
46.3417 	EXP 	trialL23: autoDraw = True
46.3417 	EXP 	trialL24: autoDraw = True
46.3417 	EXP 	trialT13: autoDraw = True
46.3417 	EXP 	trialT14: autoDraw = True
46.3417 	EXP 	trialL15: autoDraw = True
46.3417 	EXP 	trialL16: autoDraw = True
46.3417 	EXP 	trialL25: autoDraw = True
46.3417 	EXP 	trialL26: autoDraw = True
46.3417 	EXP 	trialT15: autoDraw = True
46.3417 	EXP 	trialT16: autoDraw = True
46.3417 	EXP 	trialTT: autoDraw = True
46.3598 	EXP 	trialFix: autoDraw = False
46.3663 	DATA 	Keypress: escape
46.8304 	EXP 	window1: mouseVisible = True
